[debug] [2024-07-06T19:57:57.772Z] ----------------------------------------------------------------------
[debug] [2024-07-06T19:57:57.775Z] Command:       C:\Program Files\nodejs\node.exe C:\Users\Jeremy\Desktop\source\repos\starsof-firebase\node_modules\firebase-tools\lib\bin\firebase.js emulators:start
[debug] [2024-07-06T19:57:57.775Z] CLI Version:   13.13.0
[debug] [2024-07-06T19:57:57.775Z] Platform:      win32
[debug] [2024-07-06T19:57:57.775Z] Node Version:  v20.15.0
[debug] [2024-07-06T19:57:57.775Z] Time:          Sat Jul 06 2024 12:57:57 GMT-0700 (Pacific Daylight Time)
[debug] [2024-07-06T19:57:57.776Z] ----------------------------------------------------------------------
[debug] 
[debug] [2024-07-06T19:57:57.875Z] Field ".emulators.firestore.port" in "firebase.json" is possibly invalid: should be number
[debug] [2024-07-06T19:57:57.880Z] > command requires scopes: ["email","openid","https://www.googleapis.com/auth/cloudplatformprojects.readonly","https://www.googleapis.com/auth/firebase","https://www.googleapis.com/auth/cloud-platform"]
[debug] [2024-07-06T19:57:57.880Z] > authorizing via signed-in user (rykr.inquiry@gmail.com)
[debug] [2024-07-06T19:57:57.928Z] openjdk version "17.0.10" 2024-01-16
OpenJDK Runtime Environment Temurin-17.0.10+7 (build 17.0.10+7)

[debug] [2024-07-06T19:57:57.932Z] OpenJDK 64-Bit Server VM Temurin-17.0.10+7 (build 17.0.10+7, mixed mode, sharing)

[debug] [2024-07-06T19:57:57.969Z] Parsed Java major version: 17
[info] i  emulators: Starting emulators: functions, firestore, database, hosting, storage {"metadata":{"emulator":{"name":"hub"},"message":"Starting emulators: functions, firestore, database, hosting, storage"}}
[debug] [2024-07-06T19:57:57.985Z] [logging] Logging Emulator only supports listening on one address (127.0.0.1). Not listening on ::1
[debug] [2024-07-06T19:57:57.985Z] [firestore] Firestore Emulator only supports listening on one address (127.0.0.1). Not listening on ::1
[debug] [2024-07-06T19:57:57.985Z] [firestore.websocket] websocket server for firestore only supports listening on one address (127.0.0.1). Not listening on ::1
[debug] [2024-07-06T19:57:57.985Z] [database] Database Emulator only supports listening on one address (127.0.0.1). Not listening on ::1
[debug] [2024-07-06T19:57:57.985Z] [hosting] Hosting Emulator only supports listening on one address (127.0.0.1). Not listening on ::1
[debug] [2024-07-06T19:57:57.986Z] [storage] Storage Emulator only supports listening on one address (127.0.0.1). Not listening on ::1
[debug] [2024-07-06T19:57:57.986Z] assigned listening specs for emulators {"user":{"hub":[{"address":"127.0.0.1","family":"IPv4","port":4400},{"address":"::1","family":"IPv6","port":4400}],"ui":[{"address":"127.0.0.1","family":"IPv4","port":4000},{"address":"::1","family":"IPv6","port":4000}],"logging":[{"address":"127.0.0.1","family":"IPv4","port":4500}],"firestore":[{"address":"127.0.0.1","family":"IPv4","port":4002}],"firestore.websocket":[{"address":"127.0.0.1","family":"IPv4","port":9150}],"database":[{"address":"127.0.0.1","family":"IPv4","port":9000}],"hosting":[{"address":"127.0.0.1","family":"IPv4","port":5000}],"storage":[{"address":"127.0.0.1","family":"IPv4","port":9199}]},"metadata":{"message":"assigned listening specs for emulators"}}
[debug] [2024-07-06T19:57:57.991Z] [hub] writing locator at C:\Users\Jeremy\AppData\Local\Temp\hub-starsof.json
[debug] [2024-07-06T19:57:57.998Z] [functions] Functions Emulator only supports listening on one address (127.0.0.1). Not listening on ::1
[debug] [2024-07-06T19:57:57.998Z] [eventarc] Eventarc Emulator only supports listening on one address (127.0.0.1). Not listening on ::1
[debug] [2024-07-06T19:57:57.998Z] late-assigned ports for functions and eventarc emulators {"user":{"hub":[{"address":"127.0.0.1","family":"IPv4","port":4400},{"address":"::1","family":"IPv6","port":4400}],"ui":[{"address":"127.0.0.1","family":"IPv4","port":4000},{"address":"::1","family":"IPv6","port":4000}],"logging":[{"address":"127.0.0.1","family":"IPv4","port":4500}],"firestore":[{"address":"127.0.0.1","family":"IPv4","port":4002}],"firestore.websocket":[{"address":"127.0.0.1","family":"IPv4","port":9150}],"database":[{"address":"127.0.0.1","family":"IPv4","port":9000}],"hosting":[{"address":"127.0.0.1","family":"IPv4","port":5000}],"storage":[{"address":"127.0.0.1","family":"IPv4","port":9199}],"functions":[{"address":"127.0.0.1","family":"IPv4","port":5001}],"eventarc":[{"address":"127.0.0.1","family":"IPv4","port":9299}]},"metadata":{"message":"late-assigned ports for functions and eventarc emulators"}}
[warn] !  functions: The following emulators are not running, calls to these services from the Functions emulator will affect production: auth, pubsub, dataconnect {"metadata":{"emulator":{"name":"functions"},"message":"The following emulators are not running, calls to these services from the Functions emulator will affect production: \u001b[1mauth, pubsub, dataconnect\u001b[22m"}}
[debug] [2024-07-06T19:57:58.002Z] defaultcredentials: writing to file C:\Users\Jeremy\AppData\Roaming\firebase\rykr_inquiry_gmail.com_application_default_credentials.json
[debug] [2024-07-06T19:57:58.004Z] Setting GAC to C:\Users\Jeremy\AppData\Roaming\firebase\rykr_inquiry_gmail.com_application_default_credentials.json {"metadata":{"emulator":{"name":"functions"},"message":"Setting GAC to C:\\Users\\Jeremy\\AppData\\Roaming\\firebase\\rykr_inquiry_gmail.com_application_default_credentials.json"}}
[debug] [2024-07-06T19:57:58.005Z] > refreshing access token with scopes: []
[debug] [2024-07-06T19:57:58.007Z] >>> [apiv2][query] POST https://www.googleapis.com/oauth2/v3/token [none]
[debug] [2024-07-06T19:57:58.007Z] >>> [apiv2][body] POST https://www.googleapis.com/oauth2/v3/token [omitted]
[debug] [2024-07-06T19:57:58.109Z] <<< [apiv2][status] POST https://www.googleapis.com/oauth2/v3/token 200
[debug] [2024-07-06T19:57:58.110Z] <<< [apiv2][body] POST https://www.googleapis.com/oauth2/v3/token [omitted]
[debug] [2024-07-06T19:57:58.120Z] >>> [apiv2][query] GET https://firebase.googleapis.com/v1beta1/projects/starsof/adminSdkConfig [none]
[debug] [2024-07-06T19:57:58.475Z] <<< [apiv2][status] GET https://firebase.googleapis.com/v1beta1/projects/starsof/adminSdkConfig 200
[debug] [2024-07-06T19:57:58.475Z] <<< [apiv2][body] GET https://firebase.googleapis.com/v1beta1/projects/starsof/adminSdkConfig {"projectId":"starsof","databaseURL":"https://starsof-default-rtdb.firebaseio.com","storageBucket":"starsof.appspot.com","locationId":"us-central"}
[info] i  firestore: downloading cloud-firestore-emulator-v1.19.7.jar... {"metadata":{"emulator":{"name":"firestore"},"message":"downloading cloud-firestore-emulator-v1.19.7.jar..."}}
[debug] [2024-07-06T19:57:58.501Z] >>> [apiv2][query] GET https://storage.googleapis.com/firebase-preview-drop/emulator/cloud-firestore-emulator-v1.19.7.jar 
[debug] [2024-07-06T19:57:58.641Z] <<< [apiv2][status] GET https://storage.googleapis.com/firebase-preview-drop/emulator/cloud-firestore-emulator-v1.19.7.jar 200
[debug] [2024-07-06T19:57:58.642Z] <<< [apiv2][body] GET https://storage.googleapis.com/firebase-preview-drop/emulator/cloud-firestore-emulator-v1.19.7.jar [stream]
[debug] [2024-07-06T19:58:00.647Z] Ignoring unsupported arg: auto_download {"metadata":{"emulator":{"name":"firestore"},"message":"Ignoring unsupported arg: auto_download"}}
[debug] [2024-07-06T19:58:00.648Z] Ignoring unsupported arg: single_project_mode_error {"metadata":{"emulator":{"name":"firestore"},"message":"Ignoring unsupported arg: single_project_mode_error"}}
[debug] [2024-07-06T19:58:00.648Z] Starting Firestore Emulator with command {"binary":"java","args":["-Dgoogle.cloud_firestore.debug_log_level=FINE","-Duser.language=en","-jar","C:\\Users\\Jeremy\\.cache\\firebase\\emulators\\cloud-firestore-emulator-v1.19.7.jar","--host","127.0.0.1","--port",4002,"--websocket_port",9150,"--project_id","starsof","--rules","C:\\Users\\Jeremy\\Desktop\\source\\repos\\starsof-firebase\\firestore.rules","--single_project_mode",true,"--functions_emulator","127.0.0.1:5001"],"optionalArgs":["port","webchannel_port","host","rules","websocket_port","functions_emulator","seed_from_export","project_id","single_project_mode"],"joinArgs":false,"shell":false} {"metadata":{"emulator":{"name":"firestore"},"message":"Starting Firestore Emulator with command {\"binary\":\"java\",\"args\":[\"-Dgoogle.cloud_firestore.debug_log_level=FINE\",\"-Duser.language=en\",\"-jar\",\"C:\\\\Users\\\\Jeremy\\\\.cache\\\\firebase\\\\emulators\\\\cloud-firestore-emulator-v1.19.7.jar\",\"--host\",\"127.0.0.1\",\"--port\",4002,\"--websocket_port\",9150,\"--project_id\",\"starsof\",\"--rules\",\"C:\\\\Users\\\\Jeremy\\\\Desktop\\\\source\\\\repos\\\\starsof-firebase\\\\firestore.rules\",\"--single_project_mode\",true,\"--functions_emulator\",\"127.0.0.1:5001\"],\"optionalArgs\":[\"port\",\"webchannel_port\",\"host\",\"rules\",\"websocket_port\",\"functions_emulator\",\"seed_from_export\",\"project_id\",\"single_project_mode\"],\"joinArgs\":false,\"shell\":false}"}}
[info] i  firestore: Firestore Emulator logging to firestore-debug.log {"metadata":{"emulator":{"name":"firestore"},"message":"Firestore Emulator logging to \u001b[1mfirestore-debug.log\u001b[22m"}}
[debug] [2024-07-06T19:58:02.284Z] Jul 06, 2024 12:58:02 PM com.google.cloud.datastore.emulator.firestore.websocket.WebSocketServer start
INFO: Started WebSocket server on ws://127.0.0.1:9150
 {"metadata":{"emulator":{"name":"firestore"},"message":"Jul 06, 2024 12:58:02 PM com.google.cloud.datastore.emulator.firestore.websocket.WebSocketServer start\r\nINFO: Started WebSocket server on ws://127.0.0.1:9150\r\n"}}
[debug] [2024-07-06T19:58:02.359Z] API endpoint: http://127.0.0.1:4002
If you are using a library that supports the FIRESTORE_EMULATOR_HOST environment variable, run:
 {"metadata":{"emulator":{"name":"firestore"},"message":"API endpoint: http://127.0.0.1:4002\nIf you are using a library that supports the FIRESTORE_EMULATOR_HOST environment variable, run:\r\n"}}
[debug] [2024-07-06T19:58:02.359Z] 
   export FIRESTORE_EMULATOR_HOST=127.0.0.1:4002

If you are running a Firestore in Datastore Mode project, run:

   export DATASTORE_EMULATOR_HOST=127.0.0.1:4002

Note: Support for Datastore Mode is in preview. If you encounter any bugs please file at https://github.com/firebase/firebase-tools/issues.
Dev App Server is now running.

 {"metadata":{"emulator":{"name":"firestore"},"message":"\n   export FIRESTORE_EMULATOR_HOST=127.0.0.1:4002\n\nIf you are running a Firestore in Datastore Mode project, run:\r\n\n   export DATASTORE_EMULATOR_HOST=127.0.0.1:4002\n\nNote: Support for Datastore Mode is in preview. If you encounter any bugs please file at https://github.com/firebase/firebase-tools/issues.\r\nDev App Server is now running.\n\r\n"}}
[info] +  firestore: Firestore Emulator UI websocket is running on 9150. {"metadata":{"emulator":{"name":"firestore"},"message":"Firestore Emulator UI websocket is running on 9150."}}
[debug] [2024-07-06T19:58:02.507Z] >>> [apiv2][query] GET https://firebase.googleapis.com/v1beta1/projects/starsof [none]
[debug] [2024-07-06T19:58:02.779Z] <<< [apiv2][status] GET https://firebase.googleapis.com/v1beta1/projects/starsof 200
[debug] [2024-07-06T19:58:02.779Z] <<< [apiv2][body] GET https://firebase.googleapis.com/v1beta1/projects/starsof {"projectId":"starsof","projectNumber":"716695804653","displayName":"starsof","name":"projects/starsof","resources":{"hostingSite":"starsof","realtimeDatabaseInstance":"starsof-default-rtdb","storageBucket":"starsof.appspot.com","locationId":"us-central"},"state":"ACTIVE","etag":"1_8e505ca1-9ca1-45df-a520-1f0956f8485d"}
[debug] [2024-07-06T19:58:02.780Z] database rules config:  [{"instance":"starsof-default-rtdb","rules":"C:\\Users\\Jeremy\\Desktop\\source\\repos\\starsof-firebase\\database.rules.json"}]
[info] i  database: downloading firebase-database-emulator-v4.11.2.jar... {"metadata":{"emulator":{"name":"database"},"message":"downloading firebase-database-emulator-v4.11.2.jar..."}}
[debug] [2024-07-06T19:58:02.786Z] >>> [apiv2][query] GET https://storage.googleapis.com/firebase-preview-drop/emulator/firebase-database-emulator-v4.11.2.jar 
[debug] [2024-07-06T19:58:02.877Z] <<< [apiv2][status] GET https://storage.googleapis.com/firebase-preview-drop/emulator/firebase-database-emulator-v4.11.2.jar 200
[debug] [2024-07-06T19:58:02.877Z] <<< [apiv2][body] GET https://storage.googleapis.com/firebase-preview-drop/emulator/firebase-database-emulator-v4.11.2.jar [stream]
[debug] [2024-07-06T19:58:03.892Z] Ignoring unsupported arg: projectId {"metadata":{"emulator":{"name":"database"},"message":"Ignoring unsupported arg: projectId"}}
[debug] [2024-07-06T19:58:03.893Z] Ignoring unsupported arg: auto_download {"metadata":{"emulator":{"name":"database"},"message":"Ignoring unsupported arg: auto_download"}}
[debug] [2024-07-06T19:58:03.893Z] Ignoring unsupported arg: rules {"metadata":{"emulator":{"name":"database"},"message":"Ignoring unsupported arg: rules"}}
[debug] [2024-07-06T19:58:03.893Z] Starting Database Emulator with command {"binary":"java","args":["-Duser.language=en","-jar","C:\\Users\\Jeremy\\.cache\\firebase\\emulators\\firebase-database-emulator-v4.11.2.jar","--host","127.0.0.1","--port",9000,"--single_project_mode","Warning","--functions_emulator_host","127.0.0.1","--functions_emulator_port",5001],"optionalArgs":["port","host","functions_emulator_port","functions_emulator_host","single_project_mode"],"joinArgs":false,"shell":false} {"metadata":{"emulator":{"name":"database"},"message":"Starting Database Emulator with command {\"binary\":\"java\",\"args\":[\"-Duser.language=en\",\"-jar\",\"C:\\\\Users\\\\Jeremy\\\\.cache\\\\firebase\\\\emulators\\\\firebase-database-emulator-v4.11.2.jar\",\"--host\",\"127.0.0.1\",\"--port\",9000,\"--single_project_mode\",\"Warning\",\"--functions_emulator_host\",\"127.0.0.1\",\"--functions_emulator_port\",5001],\"optionalArgs\":[\"port\",\"host\",\"functions_emulator_port\",\"functions_emulator_host\",\"single_project_mode\"],\"joinArgs\":false,\"shell\":false}"}}
[info] i  database: Database Emulator logging to database-debug.log {"metadata":{"emulator":{"name":"database"},"message":"Database Emulator logging to \u001b[1mdatabase-debug.log\u001b[22m"}}
[debug] [2024-07-06T19:58:05.320Z] 12:58:05.318 [NamespaceSystem-akka.actor.default-dispatcher-4] INFO akka.event.slf4j.Slf4jLogger - Slf4jLogger started
 {"metadata":{"emulator":{"name":"database"},"message":"12:58:05.318 [NamespaceSystem-akka.actor.default-dispatcher-4] INFO akka.event.slf4j.Slf4jLogger - Slf4jLogger started\r\n"}}
[debug] [2024-07-06T19:58:05.541Z] 12:58:05.540 [main] INFO com.firebase.server.forge.App$ - Listening at 127.0.0.1:9000
 {"metadata":{"emulator":{"name":"database"},"message":"12:58:05.540 [main] INFO com.firebase.server.forge.App$ - Listening at 127.0.0.1:9000\r\n"}}
[info] i  storage: downloading cloud-storage-rules-runtime-v1.1.3.jar... {"metadata":{"emulator":{"name":"storage"},"message":"downloading cloud-storage-rules-runtime-v1.1.3.jar..."}}
[debug] [2024-07-06T19:58:05.774Z] >>> [apiv2][query] GET https://storage.googleapis.com/firebase-preview-drop/emulator/cloud-storage-rules-runtime-v1.1.3.jar 
[debug] [2024-07-06T19:58:05.918Z] <<< [apiv2][status] GET https://storage.googleapis.com/firebase-preview-drop/emulator/cloud-storage-rules-runtime-v1.1.3.jar 200
[debug] [2024-07-06T19:58:05.918Z] <<< [apiv2][body] GET https://storage.googleapis.com/firebase-preview-drop/emulator/cloud-storage-rules-runtime-v1.1.3.jar [stream]
[debug] [2024-07-06T19:58:07.406Z] Ignoring unsupported arg: port {"metadata":{"emulator":{"name":"storage"},"message":"Ignoring unsupported arg: port"}}
[debug] [2024-07-06T19:58:08.873Z] Temp file directory for storage emulator: C:\Users\Jeremy\AppData\Local\Temp/firebase/storage/blobs {"metadata":{"emulator":{"name":"storage"},"message":"Temp file directory for storage emulator: C:\\Users\\Jeremy\\AppData\\Local\\Temp/firebase/storage/blobs"}}
[debug] [2024-07-06T19:58:08.883Z] >>> [apiv2][query] GET https://firebasehosting.googleapis.com/v1beta1/projects/starsof/sites 
[debug] [2024-07-06T19:58:09.253Z] <<< [apiv2][status] GET https://firebasehosting.googleapis.com/v1beta1/projects/starsof/sites 200
[debug] [2024-07-06T19:58:09.253Z] <<< [apiv2][body] GET https://firebasehosting.googleapis.com/v1beta1/projects/starsof/sites {"sites":[{"name":"projects/starsof/sites/starsof","defaultUrl":"https://starsof.web.app","type":"DEFAULT_SITE"}]}
[debug] [2024-07-06T19:58:09.254Z] >>> [apiv2][query] GET https://firebase.googleapis.com/v1beta1/projects/starsof/webApps/-/config [none]
[debug] [2024-07-06T19:58:09.774Z] <<< [apiv2][status] GET https://firebase.googleapis.com/v1beta1/projects/starsof/webApps/-/config 200
[debug] [2024-07-06T19:58:09.774Z] <<< [apiv2][body] GET https://firebase.googleapis.com/v1beta1/projects/starsof/webApps/-/config {"projectId":"starsof","databaseURL":"https://starsof-default-rtdb.firebaseio.com","storageBucket":"starsof.appspot.com","locationId":"us-central","apiKey":"AIzaSyBeVik036nY41s_29jL6v-JNR3WJISIs8Q","authDomain":"starsof.firebaseapp.com","messagingSenderId":"716695804653"}
[debug] [2024-07-06T19:58:09.782Z] >>> [apiv2][query] GET https://firebase.googleapis.com/v1beta1/projects/starsof [none]
[debug] [2024-07-06T19:58:09.985Z] <<< [apiv2][status] GET https://firebase.googleapis.com/v1beta1/projects/starsof 200
[debug] [2024-07-06T19:58:09.985Z] <<< [apiv2][body] GET https://firebase.googleapis.com/v1beta1/projects/starsof {"projectId":"starsof","projectNumber":"716695804653","displayName":"starsof","name":"projects/starsof","resources":{"hostingSite":"starsof","realtimeDatabaseInstance":"starsof-default-rtdb","storageBucket":"starsof.appspot.com","locationId":"us-central"},"state":"ACTIVE","etag":"1_8e505ca1-9ca1-45df-a520-1f0956f8485d"}
[info] i  hosting[starsof]: Serving hosting files from: dist {"metadata":{"emulator":{"name":"hosting"},"message":"Serving hosting files from: \u001b[1mdist\u001b[22m"}}
[info] +  hosting[starsof]: Local server: http://127.0.0.1:5000 {"metadata":{"emulator":{"name":"hosting"},"message":"Local server: \u001b[4m\u001b[1mhttp://127.0.0.1:5000\u001b[22m\u001b[24m"}}
[info] i  ui: downloading ui-v1.12.1.zip... {"metadata":{"emulator":{"name":"ui"},"message":"downloading ui-v1.12.1.zip..."}}
[debug] [2024-07-06T19:58:10.003Z] >>> [apiv2][query] GET https://storage.googleapis.com/firebase-preview-drop/emulator/ui-v1.12.1.zip 
[debug] [2024-07-06T19:58:10.041Z] <<< [apiv2][status] GET https://storage.googleapis.com/firebase-preview-drop/emulator/ui-v1.12.1.zip 200
[debug] [2024-07-06T19:58:10.041Z] <<< [apiv2][body] GET https://storage.googleapis.com/firebase-preview-drop/emulator/ui-v1.12.1.zip [stream]
[debug] [2024-07-06T19:58:10.116Z] Data is 3498269
[debug] [2024-07-06T19:58:10.117Z] [unzip] Entry: client/ (compressed_size=0 bytes, uncompressed_size=0 bytes)
[debug] [2024-07-06T19:58:10.117Z] [unzip] Processing entry: client\
[debug] [2024-07-06T19:58:10.117Z] [unzip] mkdir: C:\Users\Jeremy\.cache\firebase\emulators\ui-v1.12.1\client\
[debug] [2024-07-06T19:58:10.118Z] [unzip] Entry: client/favicon.ico (compressed_size=2933 bytes, uncompressed_size=13294 bytes)
[debug] [2024-07-06T19:58:10.118Z] [unzip] Processing entry: client\favicon.ico
[debug] [2024-07-06T19:58:10.119Z] [unzip] else mkdir: C:\Users\Jeremy\.cache\firebase\emulators\ui-v1.12.1\client
[debug] [2024-07-06T19:58:10.119Z] [unzip] deflating: C:\Users\Jeremy\.cache\firebase\emulators\ui-v1.12.1\client\favicon.ico
[debug] [2024-07-06T19:58:10.124Z] [unzip] Entry: client/mstile-150x150.png (compressed_size=2034 bytes, uncompressed_size=2034 bytes)
[debug] [2024-07-06T19:58:10.124Z] [unzip] Processing entry: client\mstile-150x150.png
[debug] [2024-07-06T19:58:10.124Z] [unzip] else mkdir: C:\Users\Jeremy\.cache\firebase\emulators\ui-v1.12.1\client
[debug] [2024-07-06T19:58:10.124Z] [unzip] Writing file: C:\Users\Jeremy\.cache\firebase\emulators\ui-v1.12.1\client\mstile-150x150.png
[debug] [2024-07-06T19:58:10.126Z] [unzip] Entry: client/favicon-16x16.png (compressed_size=293 bytes, uncompressed_size=293 bytes)
[debug] [2024-07-06T19:58:10.126Z] [unzip] Processing entry: client\favicon-16x16.png
[debug] [2024-07-06T19:58:10.126Z] [unzip] else mkdir: C:\Users\Jeremy\.cache\firebase\emulators\ui-v1.12.1\client
[debug] [2024-07-06T19:58:10.126Z] [unzip] Writing file: C:\Users\Jeremy\.cache\firebase\emulators\ui-v1.12.1\client\favicon-16x16.png
[debug] [2024-07-06T19:58:10.127Z] [unzip] Entry: client/favicon-32x32.png (compressed_size=475 bytes, uncompressed_size=475 bytes)
[debug] [2024-07-06T19:58:10.127Z] [unzip] Processing entry: client\favicon-32x32.png
[debug] [2024-07-06T19:58:10.127Z] [unzip] else mkdir: C:\Users\Jeremy\.cache\firebase\emulators\ui-v1.12.1\client
[debug] [2024-07-06T19:58:10.128Z] [unzip] Writing file: C:\Users\Jeremy\.cache\firebase\emulators\ui-v1.12.1\client\favicon-32x32.png
[debug] [2024-07-06T19:58:10.133Z] [unzip] Entry: client/manifest.json (compressed_size=245 bytes, uncompressed_size=551 bytes)
[debug] [2024-07-06T19:58:10.133Z] [unzip] Processing entry: client\manifest.json
[debug] [2024-07-06T19:58:10.133Z] [unzip] else mkdir: C:\Users\Jeremy\.cache\firebase\emulators\ui-v1.12.1\client
[debug] [2024-07-06T19:58:10.134Z] [unzip] deflating: C:\Users\Jeremy\.cache\firebase\emulators\ui-v1.12.1\client\manifest.json
[debug] [2024-07-06T19:58:10.135Z] [unzip] Entry: client/index.html (compressed_size=1365 bytes, uncompressed_size=3071 bytes)
[debug] [2024-07-06T19:58:10.135Z] [unzip] Processing entry: client\index.html
[debug] [2024-07-06T19:58:10.135Z] [unzip] else mkdir: C:\Users\Jeremy\.cache\firebase\emulators\ui-v1.12.1\client
[debug] [2024-07-06T19:58:10.136Z] [unzip] deflating: C:\Users\Jeremy\.cache\firebase\emulators\ui-v1.12.1\client\index.html
[debug] [2024-07-06T19:58:10.137Z] [unzip] Entry: client/robots.txt (compressed_size=26 bytes, uncompressed_size=26 bytes)
[debug] [2024-07-06T19:58:10.137Z] [unzip] Processing entry: client\robots.txt
[debug] [2024-07-06T19:58:10.137Z] [unzip] else mkdir: C:\Users\Jeremy\.cache\firebase\emulators\ui-v1.12.1\client
[debug] [2024-07-06T19:58:10.138Z] [unzip] Writing file: C:\Users\Jeremy\.cache\firebase\emulators\ui-v1.12.1\client\robots.txt
[debug] [2024-07-06T19:58:10.139Z] [unzip] Entry: client/android-chrome-512x512.png (compressed_size=5369 bytes, uncompressed_size=5411 bytes)
[debug] [2024-07-06T19:58:10.139Z] [unzip] Processing entry: client\android-chrome-512x512.png
[debug] [2024-07-06T19:58:10.139Z] [unzip] else mkdir: C:\Users\Jeremy\.cache\firebase\emulators\ui-v1.12.1\client
[debug] [2024-07-06T19:58:10.139Z] [unzip] deflating: C:\Users\Jeremy\.cache\firebase\emulators\ui-v1.12.1\client\android-chrome-512x512.png
[debug] [2024-07-06T19:58:10.140Z] [unzip] Entry: client/assets/ (compressed_size=0 bytes, uncompressed_size=0 bytes)
[debug] [2024-07-06T19:58:10.141Z] [unzip] Processing entry: client\assets\
[debug] [2024-07-06T19:58:10.141Z] [unzip] mkdir: C:\Users\Jeremy\.cache\firebase\emulators\ui-v1.12.1\client\assets\
[debug] [2024-07-06T19:58:10.141Z] [unzip] Entry: client/assets/img/ (compressed_size=0 bytes, uncompressed_size=0 bytes)
[debug] [2024-07-06T19:58:10.141Z] [unzip] Processing entry: client\assets\img\
[debug] [2024-07-06T19:58:10.141Z] [unzip] mkdir: C:\Users\Jeremy\.cache\firebase\emulators\ui-v1.12.1\client\assets\img\
[debug] [2024-07-06T19:58:10.141Z] [unzip] Entry: client/assets/img/database.png (compressed_size=29449 bytes, uncompressed_size=29988 bytes)
[debug] [2024-07-06T19:58:10.141Z] [unzip] Processing entry: client\assets\img\database.png
[debug] [2024-07-06T19:58:10.141Z] [unzip] else mkdir: C:\Users\Jeremy\.cache\firebase\emulators\ui-v1.12.1\client\assets\img
[debug] [2024-07-06T19:58:10.142Z] [unzip] deflating: C:\Users\Jeremy\.cache\firebase\emulators\ui-v1.12.1\client\assets\img\database.png
[debug] [2024-07-06T19:58:10.143Z] [unzip] Entry: client/assets/provider-icons/ (compressed_size=0 bytes, uncompressed_size=0 bytes)
[debug] [2024-07-06T19:58:10.143Z] [unzip] Processing entry: client\assets\provider-icons\
[debug] [2024-07-06T19:58:10.143Z] [unzip] mkdir: C:\Users\Jeremy\.cache\firebase\emulators\ui-v1.12.1\client\assets\provider-icons\
[debug] [2024-07-06T19:58:10.143Z] [unzip] Entry: client/assets/provider-icons/auth_service_play_games.svg (compressed_size=565 bytes, uncompressed_size=1173 bytes)
[debug] [2024-07-06T19:58:10.143Z] [unzip] Processing entry: client\assets\provider-icons\auth_service_play_games.svg
[debug] [2024-07-06T19:58:10.143Z] [unzip] else mkdir: C:\Users\Jeremy\.cache\firebase\emulators\ui-v1.12.1\client\assets\provider-icons
[debug] [2024-07-06T19:58:10.143Z] [unzip] deflating: C:\Users\Jeremy\.cache\firebase\emulators\ui-v1.12.1\client\assets\provider-icons\auth_service_play_games.svg
[debug] [2024-07-06T19:58:10.145Z] [unzip] Entry: client/assets/provider-icons/auth_service_game_center.svg (compressed_size=991 bytes, uncompressed_size=3921 bytes)
[debug] [2024-07-06T19:58:10.145Z] [unzip] Processing entry: client\assets\provider-icons\auth_service_game_center.svg
[debug] [2024-07-06T19:58:10.145Z] [unzip] else mkdir: C:\Users\Jeremy\.cache\firebase\emulators\ui-v1.12.1\client\assets\provider-icons
[debug] [2024-07-06T19:58:10.145Z] [unzip] deflating: C:\Users\Jeremy\.cache\firebase\emulators\ui-v1.12.1\client\assets\provider-icons\auth_service_game_center.svg
[debug] [2024-07-06T19:58:10.146Z] [unzip] Entry: client/assets/provider-icons/auth_service_google.svg (compressed_size=409 bytes, uncompressed_size=720 bytes)
[debug] [2024-07-06T19:58:10.146Z] [unzip] Processing entry: client\assets\provider-icons\auth_service_google.svg
[debug] [2024-07-06T19:58:10.146Z] [unzip] else mkdir: C:\Users\Jeremy\.cache\firebase\emulators\ui-v1.12.1\client\assets\provider-icons
[debug] [2024-07-06T19:58:10.146Z] [unzip] deflating: C:\Users\Jeremy\.cache\firebase\emulators\ui-v1.12.1\client\assets\provider-icons\auth_service_google.svg
[debug] [2024-07-06T19:58:10.147Z] [unzip] Entry: client/assets/provider-icons/auth_service_yahoo.svg (compressed_size=577 bytes, uncompressed_size=1182 bytes)
[debug] [2024-07-06T19:58:10.147Z] [unzip] Processing entry: client\assets\provider-icons\auth_service_yahoo.svg
[debug] [2024-07-06T19:58:10.147Z] [unzip] else mkdir: C:\Users\Jeremy\.cache\firebase\emulators\ui-v1.12.1\client\assets\provider-icons
[debug] [2024-07-06T19:58:10.148Z] [unzip] deflating: C:\Users\Jeremy\.cache\firebase\emulators\ui-v1.12.1\client\assets\provider-icons\auth_service_yahoo.svg
[debug] [2024-07-06T19:58:10.148Z] [unzip] Entry: client/assets/provider-icons/auth_service_email.svg (compressed_size=228 bytes, uncompressed_size=326 bytes)
[debug] [2024-07-06T19:58:10.149Z] [unzip] Processing entry: client\assets\provider-icons\auth_service_email.svg
[debug] [2024-07-06T19:58:10.149Z] [unzip] else mkdir: C:\Users\Jeremy\.cache\firebase\emulators\ui-v1.12.1\client\assets\provider-icons
[debug] [2024-07-06T19:58:10.149Z] [unzip] deflating: C:\Users\Jeremy\.cache\firebase\emulators\ui-v1.12.1\client\assets\provider-icons\auth_service_email.svg
[debug] [2024-07-06T19:58:10.150Z] [unzip] Entry: client/assets/provider-icons/auth_service_saml.svg (compressed_size=575 bytes, uncompressed_size=1226 bytes)
[debug] [2024-07-06T19:58:10.150Z] [unzip] Processing entry: client\assets\provider-icons\auth_service_saml.svg
[debug] [2024-07-06T19:58:10.150Z] [unzip] else mkdir: C:\Users\Jeremy\.cache\firebase\emulators\ui-v1.12.1\client\assets\provider-icons
[debug] [2024-07-06T19:58:10.150Z] [unzip] deflating: C:\Users\Jeremy\.cache\firebase\emulators\ui-v1.12.1\client\assets\provider-icons\auth_service_saml.svg
[debug] [2024-07-06T19:58:10.151Z] [unzip] Entry: client/assets/provider-icons/auth_service_oidc.svg (compressed_size=414 bytes, uncompressed_size=858 bytes)
[debug] [2024-07-06T19:58:10.151Z] [unzip] Processing entry: client\assets\provider-icons\auth_service_oidc.svg
[debug] [2024-07-06T19:58:10.151Z] [unzip] else mkdir: C:\Users\Jeremy\.cache\firebase\emulators\ui-v1.12.1\client\assets\provider-icons
[debug] [2024-07-06T19:58:10.151Z] [unzip] deflating: C:\Users\Jeremy\.cache\firebase\emulators\ui-v1.12.1\client\assets\provider-icons\auth_service_oidc.svg
[debug] [2024-07-06T19:58:10.153Z] [unzip] Entry: client/assets/provider-icons/auth_service_facebook.svg (compressed_size=289 bytes, uncompressed_size=457 bytes)
[debug] [2024-07-06T19:58:10.153Z] [unzip] Processing entry: client\assets\provider-icons\auth_service_facebook.svg
[debug] [2024-07-06T19:58:10.153Z] [unzip] else mkdir: C:\Users\Jeremy\.cache\firebase\emulators\ui-v1.12.1\client\assets\provider-icons
[debug] [2024-07-06T19:58:10.153Z] [unzip] deflating: C:\Users\Jeremy\.cache\firebase\emulators\ui-v1.12.1\client\assets\provider-icons\auth_service_facebook.svg
[debug] [2024-07-06T19:58:10.154Z] [unzip] Entry: client/assets/provider-icons/auth_service_github.svg (compressed_size=466 bytes, uncompressed_size=838 bytes)
[debug] [2024-07-06T19:58:10.154Z] [unzip] Processing entry: client\assets\provider-icons\auth_service_github.svg
[debug] [2024-07-06T19:58:10.154Z] [unzip] else mkdir: C:\Users\Jeremy\.cache\firebase\emulators\ui-v1.12.1\client\assets\provider-icons
[debug] [2024-07-06T19:58:10.154Z] [unzip] deflating: C:\Users\Jeremy\.cache\firebase\emulators\ui-v1.12.1\client\assets\provider-icons\auth_service_github.svg
[debug] [2024-07-06T19:58:10.155Z] [unzip] Entry: client/assets/provider-icons/auth_service_phone.svg (compressed_size=261 bytes, uncompressed_size=414 bytes)
[debug] [2024-07-06T19:58:10.155Z] [unzip] Processing entry: client\assets\provider-icons\auth_service_phone.svg
[debug] [2024-07-06T19:58:10.155Z] [unzip] else mkdir: C:\Users\Jeremy\.cache\firebase\emulators\ui-v1.12.1\client\assets\provider-icons
[debug] [2024-07-06T19:58:10.155Z] [unzip] deflating: C:\Users\Jeremy\.cache\firebase\emulators\ui-v1.12.1\client\assets\provider-icons\auth_service_phone.svg
[debug] [2024-07-06T19:58:10.156Z] [unzip] Entry: client/assets/provider-icons/auth_service_apple.svg (compressed_size=230 bytes, uncompressed_size=334 bytes)
[debug] [2024-07-06T19:58:10.156Z] [unzip] Processing entry: client\assets\provider-icons\auth_service_apple.svg
[debug] [2024-07-06T19:58:10.156Z] [unzip] else mkdir: C:\Users\Jeremy\.cache\firebase\emulators\ui-v1.12.1\client\assets\provider-icons
[debug] [2024-07-06T19:58:10.156Z] [unzip] deflating: C:\Users\Jeremy\.cache\firebase\emulators\ui-v1.12.1\client\assets\provider-icons\auth_service_apple.svg
[debug] [2024-07-06T19:58:10.157Z] [unzip] Entry: client/assets/provider-icons/auth_service_twitter.svg (compressed_size=444 bytes, uncompressed_size=751 bytes)
[debug] [2024-07-06T19:58:10.157Z] [unzip] Processing entry: client\assets\provider-icons\auth_service_twitter.svg
[debug] [2024-07-06T19:58:10.157Z] [unzip] else mkdir: C:\Users\Jeremy\.cache\firebase\emulators\ui-v1.12.1\client\assets\provider-icons
[debug] [2024-07-06T19:58:10.158Z] [unzip] deflating: C:\Users\Jeremy\.cache\firebase\emulators\ui-v1.12.1\client\assets\provider-icons\auth_service_twitter.svg
[debug] [2024-07-06T19:58:10.159Z] [unzip] Entry: client/assets/provider-icons/auth_service_mslive.svg (compressed_size=203 bytes, uncompressed_size=378 bytes)
[debug] [2024-07-06T19:58:10.159Z] [unzip] Processing entry: client\assets\provider-icons\auth_service_mslive.svg
[debug] [2024-07-06T19:58:10.159Z] [unzip] else mkdir: C:\Users\Jeremy\.cache\firebase\emulators\ui-v1.12.1\client\assets\provider-icons
[debug] [2024-07-06T19:58:10.159Z] [unzip] deflating: C:\Users\Jeremy\.cache\firebase\emulators\ui-v1.12.1\client\assets\provider-icons\auth_service_mslive.svg
[debug] [2024-07-06T19:58:10.160Z] [unzip] Entry: client/assets/extensions/ (compressed_size=0 bytes, uncompressed_size=0 bytes)
[debug] [2024-07-06T19:58:10.160Z] [unzip] Processing entry: client\assets\extensions\
[debug] [2024-07-06T19:58:10.160Z] [unzip] mkdir: C:\Users\Jeremy\.cache\firebase\emulators\ui-v1.12.1\client\assets\extensions\
[debug] [2024-07-06T19:58:10.160Z] [unzip] Entry: client/assets/extensions/default-extension.png (compressed_size=1646 bytes, uncompressed_size=1657 bytes)
[debug] [2024-07-06T19:58:10.160Z] [unzip] Processing entry: client\assets\extensions\default-extension.png
[debug] [2024-07-06T19:58:10.160Z] [unzip] else mkdir: C:\Users\Jeremy\.cache\firebase\emulators\ui-v1.12.1\client\assets\extensions
[debug] [2024-07-06T19:58:10.161Z] [unzip] deflating: C:\Users\Jeremy\.cache\firebase\emulators\ui-v1.12.1\client\assets\extensions\default-extension.png
[debug] [2024-07-06T19:58:10.161Z] [unzip] Entry: client/assets/index-Cj5I7867.css (compressed_size=35786 bytes, uncompressed_size=297937 bytes)
[debug] [2024-07-06T19:58:10.161Z] [unzip] Processing entry: client\assets\index-Cj5I7867.css
[debug] [2024-07-06T19:58:10.162Z] [unzip] else mkdir: C:\Users\Jeremy\.cache\firebase\emulators\ui-v1.12.1\client\assets
[debug] [2024-07-06T19:58:10.162Z] [unzip] deflating: C:\Users\Jeremy\.cache\firebase\emulators\ui-v1.12.1\client\assets\index-Cj5I7867.css
[debug] [2024-07-06T19:58:10.164Z] [unzip] Entry: client/assets/index-JXEx31eZ.js (compressed_size=563896 bytes, uncompressed_size=2020866 bytes)
[debug] [2024-07-06T19:58:10.164Z] [unzip] Processing entry: client\assets\index-JXEx31eZ.js
[debug] [2024-07-06T19:58:10.164Z] [unzip] else mkdir: C:\Users\Jeremy\.cache\firebase\emulators\ui-v1.12.1\client\assets
[debug] [2024-07-06T19:58:10.165Z] [unzip] deflating: C:\Users\Jeremy\.cache\firebase\emulators\ui-v1.12.1\client\assets\index-JXEx31eZ.js
[debug] [2024-07-06T19:58:10.178Z] [unzip] Entry: client/assets/index-JXEx31eZ.js.map (compressed_size=2229196 bytes, uncompressed_size=9596104 bytes)
[debug] [2024-07-06T19:58:10.178Z] [unzip] Processing entry: client\assets\index-JXEx31eZ.js.map
[debug] [2024-07-06T19:58:10.178Z] [unzip] else mkdir: C:\Users\Jeremy\.cache\firebase\emulators\ui-v1.12.1\client\assets
[debug] [2024-07-06T19:58:10.178Z] [unzip] deflating: C:\Users\Jeremy\.cache\firebase\emulators\ui-v1.12.1\client\assets\index-JXEx31eZ.js.map
[debug] [2024-07-06T19:58:10.248Z] [unzip] Entry: client/safari-pinned-tab.svg (compressed_size=1433 bytes, uncompressed_size=2611 bytes)
[debug] [2024-07-06T19:58:10.248Z] [unzip] Processing entry: client\safari-pinned-tab.svg
[debug] [2024-07-06T19:58:10.249Z] [unzip] else mkdir: C:\Users\Jeremy\.cache\firebase\emulators\ui-v1.12.1\client
[debug] [2024-07-06T19:58:10.249Z] [unzip] deflating: C:\Users\Jeremy\.cache\firebase\emulators\ui-v1.12.1\client\safari-pinned-tab.svg
[debug] [2024-07-06T19:58:10.250Z] [unzip] Entry: client/browserconfig.xml (compressed_size=491 bytes, uncompressed_size=822 bytes)
[debug] [2024-07-06T19:58:10.250Z] [unzip] Processing entry: client\browserconfig.xml
[debug] [2024-07-06T19:58:10.250Z] [unzip] else mkdir: C:\Users\Jeremy\.cache\firebase\emulators\ui-v1.12.1\client
[debug] [2024-07-06T19:58:10.250Z] [unzip] deflating: C:\Users\Jeremy\.cache\firebase\emulators\ui-v1.12.1\client\browserconfig.xml
[debug] [2024-07-06T19:58:10.251Z] [unzip] Entry: client/android-chrome-192x192.png (compressed_size=2684 bytes, uncompressed_size=2684 bytes)
[debug] [2024-07-06T19:58:10.251Z] [unzip] Processing entry: client\android-chrome-192x192.png
[debug] [2024-07-06T19:58:10.251Z] [unzip] else mkdir: C:\Users\Jeremy\.cache\firebase\emulators\ui-v1.12.1\client
[debug] [2024-07-06T19:58:10.251Z] [unzip] Writing file: C:\Users\Jeremy\.cache\firebase\emulators\ui-v1.12.1\client\android-chrome-192x192.png
[debug] [2024-07-06T19:58:10.252Z] [unzip] Entry: client/apple-touch-icon.png (compressed_size=2123 bytes, uncompressed_size=2152 bytes)
[debug] [2024-07-06T19:58:10.252Z] [unzip] Processing entry: client\apple-touch-icon.png
[debug] [2024-07-06T19:58:10.252Z] [unzip] else mkdir: C:\Users\Jeremy\.cache\firebase\emulators\ui-v1.12.1\client
[debug] [2024-07-06T19:58:10.252Z] [unzip] deflating: C:\Users\Jeremy\.cache\firebase\emulators\ui-v1.12.1\client\apple-touch-icon.png
[debug] [2024-07-06T19:58:10.253Z] [unzip] Entry: server/ (compressed_size=0 bytes, uncompressed_size=0 bytes)
[debug] [2024-07-06T19:58:10.253Z] [unzip] Processing entry: server\
[debug] [2024-07-06T19:58:10.253Z] [unzip] mkdir: C:\Users\Jeremy\.cache\firebase\emulators\ui-v1.12.1\server\
[debug] [2024-07-06T19:58:10.253Z] [unzip] Entry: server/server.mjs.map (compressed_size=286219 bytes, uncompressed_size=1310517 bytes)
[debug] [2024-07-06T19:58:10.253Z] [unzip] Processing entry: server\server.mjs.map
[debug] [2024-07-06T19:58:10.253Z] [unzip] else mkdir: C:\Users\Jeremy\.cache\firebase\emulators\ui-v1.12.1\server
[debug] [2024-07-06T19:58:10.254Z] [unzip] deflating: C:\Users\Jeremy\.cache\firebase\emulators\ui-v1.12.1\server\server.mjs.map
[debug] [2024-07-06T19:58:10.262Z] [unzip] Entry: server/assets/ (compressed_size=0 bytes, uncompressed_size=0 bytes)
[debug] [2024-07-06T19:58:10.262Z] [unzip] Processing entry: server\assets\
[debug] [2024-07-06T19:58:10.262Z] [unzip] mkdir: C:\Users\Jeremy\.cache\firebase\emulators\ui-v1.12.1\server\assets\
[debug] [2024-07-06T19:58:10.262Z] [unzip] Entry: server/assets/multipart-parser-n20ATYm_.mjs.map (compressed_size=4790 bytes, uncompressed_size=17920 bytes)
[debug] [2024-07-06T19:58:10.262Z] [unzip] Processing entry: server\assets\multipart-parser-n20ATYm_.mjs.map
[debug] [2024-07-06T19:58:10.262Z] [unzip] else mkdir: C:\Users\Jeremy\.cache\firebase\emulators\ui-v1.12.1\server\assets
[debug] [2024-07-06T19:58:10.263Z] [unzip] deflating: C:\Users\Jeremy\.cache\firebase\emulators\ui-v1.12.1\server\assets\multipart-parser-n20ATYm_.mjs.map
[debug] [2024-07-06T19:58:10.264Z] [unzip] Entry: server/assets/multipart-parser-n20ATYm_.mjs (compressed_size=2625 bytes, uncompressed_size=10428 bytes)
[debug] [2024-07-06T19:58:10.264Z] [unzip] Processing entry: server\assets\multipart-parser-n20ATYm_.mjs
[debug] [2024-07-06T19:58:10.264Z] [unzip] else mkdir: C:\Users\Jeremy\.cache\firebase\emulators\ui-v1.12.1\server\assets
[debug] [2024-07-06T19:58:10.264Z] [unzip] deflating: C:\Users\Jeremy\.cache\firebase\emulators\ui-v1.12.1\server\assets\multipart-parser-n20ATYm_.mjs
[debug] [2024-07-06T19:58:10.265Z] [unzip] Entry: server/server.mjs (compressed_size=311497 bytes, uncompressed_size=1147307 bytes)
[debug] [2024-07-06T19:58:10.265Z] [unzip] Processing entry: server\server.mjs
[debug] [2024-07-06T19:58:10.265Z] [unzip] else mkdir: C:\Users\Jeremy\.cache\firebase\emulators\ui-v1.12.1\server
[debug] [2024-07-06T19:58:10.265Z] [unzip] deflating: C:\Users\Jeremy\.cache\firebase\emulators\ui-v1.12.1\server\server.mjs
[debug] [2024-07-06T19:58:10.273Z] Ignoring unsupported arg: auto_download {"metadata":{"emulator":{"name":"ui"},"message":"Ignoring unsupported arg: auto_download"}}
[debug] [2024-07-06T19:58:10.273Z] Ignoring unsupported arg: port {"metadata":{"emulator":{"name":"ui"},"message":"Ignoring unsupported arg: port"}}
[debug] [2024-07-06T19:58:10.273Z] Starting Emulator UI with command {"binary":"node","args":["C:\\Users\\Jeremy\\.cache\\firebase\\emulators\\ui-v1.12.1\\server\\server.mjs"],"optionalArgs":[],"joinArgs":false,"shell":false} {"metadata":{"emulator":{"name":"ui"},"message":"Starting Emulator UI with command {\"binary\":\"node\",\"args\":[\"C:\\\\Users\\\\Jeremy\\\\.cache\\\\firebase\\\\emulators\\\\ui-v1.12.1\\\\server\\\\server.mjs\"],\"optionalArgs\":[],\"joinArgs\":false,\"shell\":false}"}}
[info] i  ui: Emulator UI logging to ui-debug.log {"metadata":{"emulator":{"name":"ui"},"message":"Emulator UI logging to \u001b[1mui-debug.log\u001b[22m"}}
[debug] [2024-07-06T19:58:10.393Z] Web / API server started at 127.0.0.1:4000
 {"metadata":{"emulator":{"name":"ui"},"message":"Web / API server started at 127.0.0.1:4000\n"}}
[debug] [2024-07-06T19:58:10.393Z] Web / API server started at ::1:4000
 {"metadata":{"emulator":{"name":"ui"},"message":"Web / API server started at ::1:4000\n"}}
[info] i  functions: Watching "C:\Users\Jeremy\Desktop\source\repos\starsof-firebase\functions" for Cloud Functions... {"metadata":{"emulator":{"name":"functions"},"message":"Watching \"C:\\Users\\Jeremy\\Desktop\\source\\repos\\starsof-firebase\\functions\" for Cloud Functions..."}}
[debug] [2024-07-06T19:58:10.497Z] Validating nodejs source
[debug] [2024-07-06T19:58:11.169Z] > [functions] package.json contents: {
  "name": "functions",
  "description": "Cloud Functions for Firebase",
  "scripts": {
    "lint": "eslint .",
    "serve": "firebase emulators:start --only functions",
    "shell": "firebase functions:shell",
    "start": "npm run shell",
    "deploy": "firebase deploy --only functions",
    "logs": "firebase functions:log"
  },
  "engines": {
    "node": "20"
  },
  "main": "index.js",
  "dependencies": {
    "firebase-admin": "^9.2.0",
    "firebase-functions": "^3.11.0"
  },
  "devDependencies": {
    "eslint": "^5.12.0",
    "eslint-plugin-promise": "^4.0.1",
    "firebase-functions-test": "^0.2.0"
  },
  "private": true
}
[debug] [2024-07-06T19:58:11.169Z] Building nodejs source
[debug] [2024-07-06T19:58:11.169Z] Failed to find version of module node: reached end of search path C:\Users\Jeremy\Desktop\source\repos\starsof-firebase\functions\node_modules
[info] +  functions: Using node@20 from host. 
[debug] [2024-07-06T19:58:11.171Z] Could not find functions.yaml. Must use http discovery
[debug] [2024-07-06T19:58:11.176Z] Found firebase-functions binary at 'C:\Users\Jeremy\Desktop\source\repos\starsof-firebase\node_modules\.bin\firebase-functions'
[info] Serving at port 8169

[debug] [2024-07-06T19:58:11.657Z] Got response from /__/functions.yaml {"endpoints":{"lowercaseProductName":{"platform":"gcfv1","availableMemoryMb":null,"timeoutSeconds":null,"minInstances":null,"maxInstances":null,"ingressSettings":null,"serviceAccountEmail":null,"vpc":null,"eventTrigger":{"eventType":"providers/cloud.firestore/eventTypes/document.create","eventFilters":{"resource":"projects/starsof/databases/(default)/documents/products/{documentId}"},"retry":false},"labels":{},"entryPoint":"lowercaseProductName"}},"specVersion":"v1alpha1","requiredAPIs":[]}
[info] +  functions: Loaded functions definitions from source: lowercaseProductName. {"metadata":{"emulator":{"name":"functions"},"message":"Loaded functions definitions from source: lowercaseProductName."}}
[debug] [2024-07-06T19:58:11.680Z] addFirestoreTrigger "{\"eventTrigger\":{\"eventType\":\"providers/cloud.firestore/eventTypes/document.create\",\"resource\":\"projects/starsof/databases/(default)/documents/products/{documentId}\",\"service\":\"firestore.googleapis.com\"}}"
[debug] [2024-07-06T19:58:11.680Z] >>> [apiv2][query] PUT http://127.0.0.1:4002/emulator/v1/projects/starsof/triggers/us-central1-lowercaseProductName-0 [none]
[debug] [2024-07-06T19:58:11.680Z] >>> [apiv2][body] PUT http://127.0.0.1:4002/emulator/v1/projects/starsof/triggers/us-central1-lowercaseProductName-0 "{\"eventTrigger\":{\"eventType\":\"providers/cloud.firestore/eventTypes/document.create\",\"resource\":\"projects/starsof/databases/(default)/documents/products/{documentId}\",\"service\":\"firestore.googleapis.com\"}}"
[debug] [2024-07-06T19:58:11.684Z] Jul 06, 2024 12:58:11 PM io.gapi.emulators.netty.HttpVersionRoutingHandler channelRead
INFO: Detected non-HTTP/2 connection.
 {"metadata":{"emulator":{"name":"firestore"},"message":"Jul 06, 2024 12:58:11 PM io.gapi.emulators.netty.HttpVersionRoutingHandler channelRead\r\nINFO: Detected non-HTTP/2 connection.\r\n"}}
[debug] [2024-07-06T19:58:11.826Z] Jul 06, 2024 12:58:11 PM io.gapi.emulators.netty.HttpVersionRoutingHandler channelRead
INFO: Detected HTTP/2 connection.
 {"metadata":{"emulator":{"name":"firestore"},"message":"Jul 06, 2024 12:58:11 PM io.gapi.emulators.netty.HttpVersionRoutingHandler channelRead\r\nINFO: Detected HTTP/2 connection.\r\n"}}
[debug] [2024-07-06T19:58:13.305Z] <<< [apiv2][status] PUT http://127.0.0.1:4002/emulator/v1/projects/starsof/triggers/us-central1-lowercaseProductName-0 200
[debug] [2024-07-06T19:58:13.305Z] <<< [apiv2][body] PUT http://127.0.0.1:4002/emulator/v1/projects/starsof/triggers/us-central1-lowercaseProductName-0 {}
[info] +  functions[us-central1-lowercaseProductName]: firestore function initialized. {"metadata":{"emulator":{"name":"functions"},"message":"\u001b[1mfirestore\u001b[22m function initialized."}}
[debug] [2024-07-06T19:58:13.307Z] >>> [apiv2][query] PUT http://127.0.0.1:9000/.settings/rules.json ns=starsof-default-rtdb
[debug] [2024-07-06T19:58:13.307Z] >>> [apiv2][body] PUT http://127.0.0.1:9000/.settings/rules.json "{\r\n  \"rules\": {\r\n    \".read\": false,\r\n    \".write\": \"auth !== null\",\r\n    \"users\": {\r\n      \"$user_id\": {\r\n        \".read\": \"$user_id === auth.uid\",\r\n        \".write\": \"$user_id === auth.uid\",\r\n        \"fullname\": {\r\n          \".validate\": \"newData.isString()\"\r\n        },\r\n        \"email\": {\r\n          \".validate\": \"newData.isString()\"\r\n        },\r\n        \"address\": {\r\n          \".validate\": \"newData.isString()\"\r\n        },\r\n        \"mobile\": {\r\n          \".validate\": \"newData.isString()\"\r\n        },\r\n        \"avatar\": {\r\n          \".validate\": \"newData.isString()\"\r\n        },\r\n        \"banner\": {\r\n          \".validate\": \"newData.isString()\"\r\n        },\r\n        \"dateJoined\": {\r\n          \".validate\": \"newData.isString()\"\r\n        }\r\n      }\r\n    },\r\n    \"products\": {\r\n      \".read\": true,\r\n      \".write\": false,\r\n      \"$product_id\": {\r\n        \"name\": {\r\n          \".validate\": \"newData.isString()\"\r\n        },\r\n        \"description\": {\r\n          \".validate\": \"newData.isString()\"\r\n        },\r\n        \"price\": {\r\n          \".validate\": \"newData.isNumber()\"\r\n        },\r\n        \"brand\": {\r\n          \".validate\": \"newData.isString()\"\r\n        },\r\n        \"image\": {\r\n          \".validate\": \"newData.isString()\"\r\n        },\r\n        \"maxQuantity\": {\r\n          \".validate\": \"newData.isNumber()\"\r\n        },\r\n        \"quantity\": {\r\n          \".validate\": \"newData.isNumber()\"\r\n        },\r\n        \"dateAdded\": {\r\n          \".validate\": \"newData.isNumber()\"\r\n        }\r\n      }\r\n    }\r\n  }\r\n}"
[debug] [2024-07-06T19:58:13.693Z] 12:58:13.693 [NamespaceSystem-akka.actor.default-dispatcher-4] INFO com.firebase.core.namespace.NamespaceActor - starsof-default-rtdb successfully activated FBKV (SurveyIdle(0)) wait: 260ms, init: 0ms
 {"metadata":{"emulator":{"name":"database"},"message":"12:58:13.693 [NamespaceSystem-akka.actor.default-dispatcher-4] INFO com.firebase.core.namespace.NamespaceActor - starsof-default-rtdb successfully activated FBKV (SurveyIdle(0)) wait: 260ms, init: 0ms\r\n"}}
[debug] [2024-07-06T19:58:14.213Z] 12:58:14.213 [NamespaceSystem-blocking-namespace-operation-dispatcher-6] INFO com.firebase.core.namespace.StateManager - Namespace starsof-default-rtdb status Active to Active
 {"metadata":{"emulator":{"name":"database"},"message":"12:58:14.213 [NamespaceSystem-blocking-namespace-operation-dispatcher-6] INFO com.firebase.core.namespace.StateManager - Namespace starsof-default-rtdb status Active to Active\r\n"}}
[debug] [2024-07-06T19:58:14.299Z] <<< [apiv2][status] PUT http://127.0.0.1:9000/.settings/rules.json 200
[debug] [2024-07-06T19:58:14.299Z] <<< [apiv2][body] PUT http://127.0.0.1:9000/.settings/rules.json {"status":"ok"}
[info] 
┌─────────────────────────────────────────────────────────────┐
│ ✔  All emulators ready! It is now safe to connect your app. │
│ i  View Emulator UI at http://127.0.0.1:4000/               │
└─────────────────────────────────────────────────────────────┘

┌───────────┬────────────────┬─────────────────────────────────┐
│ Emulator  │ Host:Port      │ View in Emulator UI             │
├───────────┼────────────────┼─────────────────────────────────┤
│ Functions │ 127.0.0.1:5001 │ http://127.0.0.1:4000/functions │
├───────────┼────────────────┼─────────────────────────────────┤
│ Firestore │ 127.0.0.1:4002 │ http://127.0.0.1:4000/firestore │
├───────────┼────────────────┼─────────────────────────────────┤
│ Database  │ 127.0.0.1:9000 │ http://127.0.0.1:4000/database  │
├───────────┼────────────────┼─────────────────────────────────┤
│ Hosting   │ 127.0.0.1:5000 │ n/a                             │
├───────────┼────────────────┼─────────────────────────────────┤
│ Storage   │ 127.0.0.1:9199 │ http://127.0.0.1:4000/storage   │
└───────────┴────────────────┴─────────────────────────────────┘
  Emulator Hub running at 127.0.0.1:4400
  Other reserved ports: 4500, 9150

Issues? Report them at https://github.com/firebase/firebase-tools/issues and attach the *-debug.log files.
 
[debug] [2024-07-06T19:58:17.206Z] Jul 06, 2024 12:58:17 PM com.google.cloud.datastore.emulator.firestore.websocket.WebSocketChannelHandler initChannel
INFO: Connected to new websocket client
 {"metadata":{"emulator":{"name":"firestore"},"message":"Jul 06, 2024 12:58:17 PM com.google.cloud.datastore.emulator.firestore.websocket.WebSocketChannelHandler initChannel\r\nINFO: Connected to new websocket client\r\n"}}
[debug] [2024-07-06T19:59:00.430Z] Jul 06, 2024 12:59:00 PM io.gapi.emulators.netty.HttpVersionRoutingHandler channelRead
INFO: Detected non-HTTP/2 connection.
 {"metadata":{"emulator":{"name":"firestore"},"message":"Jul 06, 2024 12:59:00 PM io.gapi.emulators.netty.HttpVersionRoutingHandler channelRead\r\nINFO: Detected non-HTTP/2 connection.\r\n"}}
[debug] [2024-07-06T19:59:44.775Z] 12:59:44.775 [FirebaseWorkerPool-1-3] WARN com.firebase.core.persistence.backend.dummy.EmulatorMetadataPersistence - Multiple projectIds are not recommended in single project mode. Requested 
namespace starsof, but the emulator is configured for starsof-default-rtdb. To 
opt-out of single project mode add/set the singleProjectMode: false property in 
the firebase.json emulators config. 
 {"metadata":{"emulator":{"name":"database"},"message":"12:59:44.775 [FirebaseWorkerPool-1-3] WARN com.firebase.core.persistence.backend.dummy.EmulatorMetadataPersistence - Multiple projectIds are not recommended in single project mode. Requested \nnamespace starsof, but the emulator is configured for starsof-default-rtdb. To \nopt-out of single project mode add/set the singleProjectMode: false property in \nthe firebase.json emulators config. \r\n"}}
[debug] [2024-07-06T19:59:44.783Z] 12:59:44.782 [NamespaceSystem-akka.actor.default-dispatcher-8] INFO com.firebase.core.namespace.NamespaceActor - starsof successfully activated FBKV (SurveyIdle(0)) wait: 3ms, init: 0ms
 {"metadata":{"emulator":{"name":"database"},"message":"12:59:44.782 [NamespaceSystem-akka.actor.default-dispatcher-8] INFO com.firebase.core.namespace.NamespaceActor - starsof successfully activated FBKV (SurveyIdle(0)) wait: 3ms, init: 0ms\r\n"}}
[debug] [2024-07-06T19:59:48.867Z] >>> [apiv2][query] GET https://firebase.googleapis.com/v1beta1/projects/starsof/adminSdkConfig [none]
[debug] [2024-07-06T19:59:49.278Z] <<< [apiv2][status] GET https://firebase.googleapis.com/v1beta1/projects/starsof/adminSdkConfig 200
[debug] [2024-07-06T19:59:49.278Z] <<< [apiv2][body] GET https://firebase.googleapis.com/v1beta1/projects/starsof/adminSdkConfig {"projectId":"starsof","databaseURL":"https://starsof-default-rtdb.firebaseio.com","storageBucket":"starsof.appspot.com","locationId":"us-central"}
[info] i  hosting: 127.0.0.1 - - [06/Jul/2024:19:59:55 +0000] "GET / HTTP/1.1" 200 585 "http://127.0.0.1:4000/" "Mozilla/5.0 (Windows NT 10.0; Win64; x64) AppleWebKit/537.36 (KHTML, like Gecko) Chrome/125.0.0.0 Safari/537.36" {"metadata":{"emulator":{"name":"hosting"},"message":"127.0.0.1 - - [06/Jul/2024:19:59:55 +0000] \"GET / HTTP/1.1\" 200 585 \"http://127.0.0.1:4000/\" \"Mozilla/5.0 (Windows NT 10.0; Win64; x64) AppleWebKit/537.36 (KHTML, like Gecko) Chrome/125.0.0.0 Safari/537.36\""}}
[info] i  hosting: 127.0.0.1 - - [06/Jul/2024:19:59:55 +0000] "GET /assets/index.413688eb.css HTTP/1.1" 200 - "http://127.0.0.1:5000/" "Mozilla/5.0 (Windows NT 10.0; Win64; x64) AppleWebKit/537.36 (KHTML, like Gecko) Chrome/125.0.0.0 Safari/537.36" {"metadata":{"emulator":{"name":"hosting"},"message":"127.0.0.1 - - [06/Jul/2024:19:59:55 +0000] \"GET /assets/index.413688eb.css HTTP/1.1\" 200 - \"http://127.0.0.1:5000/\" \"Mozilla/5.0 (Windows NT 10.0; Win64; x64) AppleWebKit/537.36 (KHTML, like Gecko) Chrome/125.0.0.0 Safari/537.36\""}}
[info] i  hosting: 127.0.0.1 - - [06/Jul/2024:19:59:55 +0000] "GET /assets/index.7e3989e6.js HTTP/1.1" 200 - "http://127.0.0.1:5000/" "Mozilla/5.0 (Windows NT 10.0; Win64; x64) AppleWebKit/537.36 (KHTML, like Gecko) Chrome/125.0.0.0 Safari/537.36" {"metadata":{"emulator":{"name":"hosting"},"message":"127.0.0.1 - - [06/Jul/2024:19:59:55 +0000] \"GET /assets/index.7e3989e6.js HTTP/1.1\" 200 - \"http://127.0.0.1:5000/\" \"Mozilla/5.0 (Windows NT 10.0; Win64; x64) AppleWebKit/537.36 (KHTML, like Gecko) Chrome/125.0.0.0 Safari/537.36\""}}
[info] i  hosting: 127.0.0.1 - - [06/Jul/2024:19:59:55 +0000] "GET /assets/favicon.bfbc0d97.png HTTP/1.1" 200 6642 "http://127.0.0.1:5000/" "Mozilla/5.0 (Windows NT 10.0; Win64; x64) AppleWebKit/537.36 (KHTML, like Gecko) Chrome/125.0.0.0 Safari/537.36" {"metadata":{"emulator":{"name":"hosting"},"message":"127.0.0.1 - - [06/Jul/2024:19:59:55 +0000] \"GET /assets/favicon.bfbc0d97.png HTTP/1.1\" 200 6642 \"http://127.0.0.1:5000/\" \"Mozilla/5.0 (Windows NT 10.0; Win64; x64) AppleWebKit/537.36 (KHTML, like Gecko) Chrome/125.0.0.0 Safari/537.36\""}}
[info] i  hosting: 127.0.0.1 - - [06/Jul/2024:19:59:55 +0000] "GET /sw.js HTTP/1.1" 404 144 "http://127.0.0.1:5000/" "Mozilla/5.0 (Windows NT 10.0; Win64; x64) AppleWebKit/537.36 (KHTML, like Gecko) Chrome/125.0.0.0 Safari/537.36" {"metadata":{"emulator":{"name":"hosting"},"message":"127.0.0.1 - - [06/Jul/2024:19:59:55 +0000] \"GET /sw.js HTTP/1.1\" 404 144 \"http://127.0.0.1:5000/\" \"Mozilla/5.0 (Windows NT 10.0; Win64; x64) AppleWebKit/537.36 (KHTML, like Gecko) Chrome/125.0.0.0 Safari/537.36\""}}
[info] i  hosting: 127.0.0.1 - - [06/Jul/2024:19:59:55 +0000] "GET /assets/banner-girl.cc69a475.png HTTP/1.1" 200 1088542 "http://127.0.0.1:5000/" "Mozilla/5.0 (Windows NT 10.0; Win64; x64) AppleWebKit/537.36 (KHTML, like Gecko) Chrome/125.0.0.0 Safari/537.36" {"metadata":{"emulator":{"name":"hosting"},"message":"127.0.0.1 - - [06/Jul/2024:19:59:55 +0000] \"GET /assets/banner-girl.cc69a475.png HTTP/1.1\" 200 1088542 \"http://127.0.0.1:5000/\" \"Mozilla/5.0 (Windows NT 10.0; Win64; x64) AppleWebKit/537.36 (KHTML, like Gecko) Chrome/125.0.0.0 Safari/537.36\""}}
[debug] [2024-07-06T20:00:06.904Z] Jul 06, 2024 1:00:06 PM com.google.cloud.datastore.emulator.firestore.websocket.WebSocketChannelHandler channelClosed
INFO: Websocket client disconnected
 {"metadata":{"emulator":{"name":"firestore"},"message":"Jul 06, 2024 1:00:06 PM com.google.cloud.datastore.emulator.firestore.websocket.WebSocketChannelHandler channelClosed\r\nINFO: Websocket client disconnected\r\n"}}
